[2018-07-17 10:20:11.733] [renderer1] [info] no standard startup: not the explorer viewlet
[2018-07-17 10:20:31.806] [renderer1] [error] Error: Inotify limit reached (ENOSPC)
[2018-07-17 10:30:01.962] [renderer1] [info] No grammar found for scope source.applescript
[2018-07-17 10:30:02.022] [renderer1] [info] No grammar found for scope text.html.textile
[2018-07-17 10:30:02.092] [renderer1] [info] No grammar found for scope source.c++
[2018-07-17 10:30:02.095] [renderer1] [info] No grammar found for scope source.js.jquery
[2018-07-17 10:30:02.111] [renderer1] [info] No grammar found for scope source.smarty
[2018-07-17 10:30:02.345] [renderer1] [info] No grammar found for scope source.dosbatch
[2018-07-17 10:30:02.601] [renderer1] [info] No grammar found for scope source.scala
[2018-07-17 10:30:02.670] [renderer1] [info] No grammar found for scope source.dart
[2018-07-17 10:30:02.670] [renderer1] [info] No grammar found for scope text.html.javadoc
[2018-07-17 10:30:02.670] [renderer1] [info] No grammar found for scope source.postscript
[2018-07-17 10:30:02.670] [renderer1] [info] No grammar found for scope source.sass
[2018-07-17 10:30:02.670] [renderer1] [info] No grammar found for scope source.less
[2018-07-17 10:30:02.670] [renderer1] [info] No grammar found for scope source.stylus
[2018-07-17 20:19:58.430] [renderer1] [error] Model is disposed!: Error: Model is disposed!
    at f._assertNotDisposed (file:///usr/share/code/resources/app/out/vs/workbench/workbench.main.js:1106:825)
    at f.getVersionId (file:///usr/share/code/resources/app/out/vs/workbench/workbench.main.js:1112:377)
    at t.<anonymous> (file:///usr/share/code/resources/app/out/vs/workbench/workbench.main.js:4697:1006)
    at file:///usr/share/code/resources/app/out/vs/workbench/workbench.main.js:161:768
    at Object.s.__generator.a.label [as next] (file:///usr/share/code/resources/app/out/vs/workbench/workbench.main.js:161:873)
    at s (file:///usr/share/code/resources/app/out/vs/workbench/workbench.main.js:160:856)
    at n.Class.derive._oncancel.then (file:///usr/share/code/resources/app/out/vs/workbench/workbench.main.js:157:366)
    at c (file:///usr/share/code/resources/app/out/vs/workbench/workbench.main.js:160:990)
    at s (file:///usr/share/code/resources/app/out/vs/workbench/workbench.main.js:160:852)
    at Object.g [as _notify] (file:///usr/share/code/resources/app/out/vs/workbench/workbench.main.js:150:807)
    at Object.enter (file:///usr/share/code/resources/app/out/vs/workbench/workbench.main.js:154:85)
    at n.Class.derive._oncancel._run (file:///usr/share/code/resources/app/out/vs/workbench/workbench.main.js:155:896)
    at n.Class.derive._oncancel._completed (file:///usr/share/code/resources/app/out/vs/workbench/workbench.main.js:155:337)
    at Object.g [as _notify] (file:///usr/share/code/resources/app/out/vs/workbench/workbench.main.js:150:807)
    at Object.enter (file:///usr/share/code/resources/app/out/vs/workbench/workbench.main.js:154:85)
    at n.Class.derive._oncancel._run (file:///usr/share/code/resources/app/out/vs/workbench/workbench.main.js:155:896)
    at n.Class.derive._oncancel._completed (file:///usr/share/code/resources/app/out/vs/workbench/workbench.main.js:155:337)
    at Object.g [as _notify] (file:///usr/share/code/resources/app/out/vs/workbench/workbench.main.js:150:807)
    at Object.enter (file:///usr/share/code/resources/app/out/vs/workbench/workbench.main.js:154:85)
    at n.Class.derive._oncancel._run (file:///usr/share/code/resources/app/out/vs/workbench/workbench.main.js:155:896)
    at n.Class.derive._oncancel._completed (file:///usr/share/code/resources/app/out/vs/workbench/workbench.main.js:155:337)
    at file:///usr/share/code/resources/app/out/vs/workbench/workbench.main.js:1283:882
    at Object.g [as _notify] (file:///usr/share/code/resources/app/out/vs/workbench/workbench.main.js:150:807)
    at Object.enter (file:///usr/share/code/resources/app/out/vs/workbench/workbench.main.js:154:85)
    at n.Class.derive._oncancel._run (file:///usr/share/code/resources/app/out/vs/workbench/workbench.main.js:155:896)
    at n.Class.derive._oncancel._completed (file:///usr/share/code/resources/app/out/vs/workbench/workbench.main.js:155:337)
    at l (file:///usr/share/code/resources/app/out/vs/workbench/workbench.main.js:158:855)
    at n.Class.derive.join.r.forEach.j.then.o.(anonymous function) (file:///usr/share/code/resources/app/out/vs/workbench/workbench.main.js:159:45)
    at Object.g [as _notify] (file:///usr/share/code/resources/app/out/vs/workbench/workbench.main.js:150:807)
    at Object.enter (file:///usr/share/code/resources/app/out/vs/workbench/workbench.main.js:154:85)
    at n.Class.derive._oncancel._run (file:///usr/share/code/resources/app/out/vs/workbench/workbench.main.js:155:896)
    at n.Class.derive._oncancel._completed (file:///usr/share/code/resources/app/out/vs/workbench/workbench.main.js:155:337)
    at file:///usr/share/code/resources/app/out/vs/workbench/workbench.main.js:191:783
    at Object.g [as _notify] (file:///usr/share/code/resources/app/out/vs/workbench/workbench.main.js:150:807)
    at Object.enter (file:///usr/share/code/resources/app/out/vs/workbench/workbench.main.js:154:85)
    at n.Class.derive._oncancel._run (file:///usr/share/code/resources/app/out/vs/workbench/workbench.main.js:155:896)
    at n.Class.derive._oncancel._completed (file:///usr/share/code/resources/app/out/vs/workbench/workbench.main.js:155:337)
    at file:///usr/share/code/resources/app/out/vs/workbench/workbench.main.js:191:120
    at n.Class.derive._oncancel.done (file:///usr/share/code/resources/app/out/vs/workbench/workbench.main.js:157:234)
    at Object.g [as _notify] (file:///usr/share/code/resources/app/out/vs/workbench/workbench.main.js:150:949)
    at Object.enter (file:///usr/share/code/resources/app/out/vs/workbench/workbench.main.js:154:85)
    at n.Class.derive._oncancel._run (file:///usr/share/code/resources/app/out/vs/workbench/workbench.main.js:155:896)
    at n.Class.derive._oncancel._completed (file:///usr/share/code/resources/app/out/vs/workbench/workbench.main.js:155:337)
    at e.resolveOk (file:///usr/share/code/resources/app/out/vs/workbench/workbench.main.js:3060:806)
    at e._receiveReply (file:///usr/share/code/resources/app/out/vs/workbench/workbench.main.js:3127:316)
    at e._receiveOneMessage (file:///usr/share/code/resources/app/out/vs/workbench/workbench.main.js:3126:609)
    at file:///usr/share/code/resources/app/out/vs/workbench/workbench.main.js:3125:424
    at file:///usr/share/code/resources/app/out/vs/workbench/workbench.main.js:3128:575
    at e.fire (file:///usr/share/code/resources/app/out/vs/workbench/workbench.main.js:171:344)
    at c (file:///usr/share/code/resources/app/out/vs/workbench/workbench.main.js:302:1008)
    at Socket.<anonymous> (file:///usr/share/code/resources/app/out/vs/workbench/workbench.main.js:303:171)
    at emitOne (events.js:96:13)
    at Socket.emit (events.js:191:7)
    at readableAddChunk (_stream_readable.js:178:18)
    at Socket.Readable.push (_stream_readable.js:136:10)
    at Pipe.onread (net.js:560:20)
