Looking for git in: git
Using git 1.9.1 from git
> git rev-parse --show-toplevel
> git config --get commit.template
Open repository: /home/abhinav/Desktop/series
> git status -z -u
> git rev-parse --show-toplevel
fatal: Not a git repository (or any of the parent directories): .git
> git rev-parse --show-toplevel
fatal: Not a git repository (or any of the parent directories): .git
> git rev-parse --show-toplevel
fatal: Not a git repository (or any of the parent directories): .git
> git rev-parse --show-toplevel
fatal: Not a git repository (or any of the parent directories): .git
> git rev-parse --show-toplevel
fatal: Not a git repository (or any of the parent directories): .git
> git rev-parse --show-toplevel
> git rev-parse --show-toplevel
> git rev-parse --show-toplevel
fatal: Not a git repository (or any of the parent directories): .git
> git rev-parse --show-toplevel
fatal: Not a git repository (or any of the parent directories): .git
> git rev-parse --show-toplevel
> git rev-parse --show-toplevel
fatal: Not a git repository (or any of the parent directories): .git
> git rev-parse --show-toplevel
fatal: Not a git repository (or any of the parent directories): .git
> git rev-parse --show-toplevel
> git rev-parse --show-toplevel
fatal: Not a git repository (or any of the parent directories): .git
> git rev-parse --show-toplevel
> git rev-parse --show-toplevel
> git check-ignore -z --stdin
> git symbolic-ref --short HEAD
> git rev-parse master
> git rev-parse --symbolic-full-name master@{u}
> git rev-list --left-right master...refs/remotes/origin/master
> git for-each-ref --format %(refname) %(objectname) --sort -committerdate
> git remote --verbose
> git status -z -u
> git symbolic-ref --short HEAD
> git rev-parse master
> git rev-parse --symbolic-full-name master@{u}
> git rev-list --left-right master...refs/remotes/origin/master
> git for-each-ref --format %(refname) %(objectname) --sort -committerdate
> git remote --verbose
> git status -z -u
> git symbolic-ref --short HEAD
> git rev-parse master
> git rev-parse --symbolic-full-name master@{u}
> git rev-list --left-right master...refs/remotes/origin/master
> git for-each-ref --format %(refname) %(objectname) --sort -committerdate
> git remote --verbose
> git check-ignore -z --stdin
> git status -z -u
> git symbolic-ref --short HEAD
> git rev-parse master
> git rev-parse --symbolic-full-name master@{u}
> git rev-list --left-right master...refs/remotes/origin/master
> git for-each-ref --format %(refname) %(objectname) --sort -committerdate
> git remote --verbose
> git check-ignore -z --stdin
> git check-ignore -z --stdin
> git status -z -u
> git symbolic-ref --short HEAD
> git rev-parse master
> git rev-parse --symbolic-full-name master@{u}
> git rev-list --left-right master...refs/remotes/origin/master
> git for-each-ref --format %(refname) %(objectname) --sort -committerdate
> git remote --verbose
> git show :src/app/home/home.component.html
> git status -z -u
> git symbolic-ref --short HEAD
> git rev-parse master
> git rev-parse --symbolic-full-name master@{u}
> git rev-list --left-right master...refs/remotes/origin/master
> git for-each-ref --format %(refname) %(objectname) --sort -committerdate
> git remote --verbose
> git status -z -u
> git symbolic-ref --short HEAD
> git rev-parse master
> git rev-parse --symbolic-full-name master@{u}
> git rev-list --left-right master...refs/remotes/origin/master
> git for-each-ref --format %(refname) %(objectname) --sort -committerdate
> git remote --verbose
> git status -z -u
> git symbolic-ref --short HEAD
> git rev-parse master
> git rev-parse --symbolic-full-name master@{u}
> git rev-list --left-right master...refs/remotes/origin/master
> git for-each-ref --format %(refname) %(objectname) --sort -committerdate
> git remote --verbose
> git status -z -u
> git symbolic-ref --short HEAD
> git rev-parse master
> git show :src/app/home/home.component.css
> git rev-parse --symbolic-full-name master@{u}
> git rev-list --left-right master...refs/remotes/origin/master
> git for-each-ref --format %(refname) %(objectname) --sort -committerdate
> git remote --verbose
> git show :src/app/home/home.component.html
> git check-ignore -z --stdin
> git show :src/app/character-view/character-view.component.ts
> git status -z -u
> git symbolic-ref --short HEAD
> git rev-parse master
> git rev-parse --symbolic-full-name master@{u}
> git rev-list --left-right master...refs/remotes/origin/master
> git for-each-ref --format %(refname) %(objectname) --sort -committerdate
> git remote --verbose
> git status -z -u
> git symbolic-ref --short HEAD
> git rev-parse master
> git rev-parse --symbolic-full-name master@{u}
> git rev-list --left-right master...refs/remotes/origin/master
> git for-each-ref --format %(refname) %(objectname) --sort -committerdate
> git remote --verbose
> git status -z -u
> git symbolic-ref --short HEAD
> git rev-parse master
> git rev-parse --symbolic-full-name master@{u}
> git rev-list --left-right master...refs/remotes/origin/master
> git for-each-ref --format %(refname) %(objectname) --sort -committerdate
> git remote --verbose
> git show :src/app/character-view/character-view.component.ts
> git show :src/app/character-http.service.ts
> git status -z -u
> git symbolic-ref --short HEAD
> git rev-parse master
> git rev-parse --symbolic-full-name master@{u}
> git rev-list --left-right master...refs/remotes/origin/master
> git for-each-ref --format %(refname) %(objectname) --sort -committerdate
> git remote --verbose
> git status -z -u
> git symbolic-ref --short HEAD
> git rev-parse master
> git rev-parse --symbolic-full-name master@{u}
> git rev-list --left-right master...refs/remotes/origin/master
> git for-each-ref --format %(refname) %(objectname) --sort -committerdate
> git remote --verbose
> git status -z -u
> git symbolic-ref --short HEAD
> git rev-parse master
> git rev-parse --symbolic-full-name master@{u}
> git rev-list --left-right master...refs/remotes/origin/master
> git for-each-ref --format %(refname) %(objectname) --sort -committerdate
> git remote --verbose
> git status -z -u
> git symbolic-ref --short HEAD
> git rev-parse master
> git rev-parse --symbolic-full-name master@{u}
> git rev-list --left-right master...refs/remotes/origin/master
> git for-each-ref --format %(refname) %(objectname) --sort -committerdate
> git remote --verbose
> git show :src/app/character-view/character-view.component.html
> git show :src/app/character-view/character-view.component.html
> git status -z -u
> git symbolic-ref --short HEAD
> git rev-parse master
> git rev-parse --symbolic-full-name master@{u}
> git rev-list --left-right master...refs/remotes/origin/master
> git for-each-ref --format %(refname) %(objectname) --sort -committerdate
> git remote --verbose
> git status -z -u
> git symbolic-ref --short HEAD
> git rev-parse master
> git rev-parse --symbolic-full-name master@{u}
> git rev-list --left-right master...refs/remotes/origin/master
> git for-each-ref --format %(refname) %(objectname) --sort -committerdate
> git remote --verbose
> git check-ignore -z --stdin
> git show :src/app/book-view/book-view.component.html
> git show :src/app/character-view/character-view.component.html
> git show :src/app/character-view/character-view.component.ts
> git show :src/app/character-view/character-view.component.html
> git show :src/app/character-view/character-view.component.ts
> git show :src/app/character-view/character-view.component.html
> git show :src/app/character-view/character-view.component.ts
> git show :src/app/character-view/character-view.component.html
> git show :src/app/book-view/book-view.component.html
> git show :src/app/character-view/character-view.component.html
> git show :src/app/book-view/book-view.component.html
> git show :src/app/character-view/character-view.component.html
> git show :src/app/book-view/book-view.component.html
> git show :src/app/character-view/character-view.component.html
> git show :src/app/book-view/book-view.component.html
> git show :src/app/character-view/character-view.component.html
> git show :src/app/book-view/book-view.component.html
> git show :src/app/character-view/character-view.component.html
> git show :src/app/book-view/book-view.component.html
> git show :src/app/character-view/character-view.component.html
> git show :src/app/book-view/book-view.component.html
> git show :src/app/character-view/character-view.component.html
> git show :src/app/book-view/book-view.component.html
> git show :src/app/character-view/character-view.component.html
> git show :src/app/book-view/book-view.component.html
> git show :src/app/character-view/character-view.component.html
> git show :src/app/book-view/book-view.component.html
> git show :src/app/character-view/character-view.component.html
> git show :src/app/book-view/book-view.component.html
> git show :src/app/character-view/character-view.component.html
> git show :src/app/book-view/book-view.component.ts
> git show :src/app/character-view/character-view.component.ts
> git show :src/app/character-http.service.ts
> git show :src/app/character.service.ts
> git show :src/app/book.service.ts
> git show :src/app/character-http.service.ts
> git show :src/app/character-view/character-view.component.html
> git show :src/app/character-http.service.ts
> git show :src/app/book-view/book-view.component.html
> git show :src/app/character-http.service.ts
> git show :src/app/book-view/book-view.component.html
> git show :src/app/character-http.service.ts
> git show :src/app/character-view/character-view.component.html
> git show :src/app/character-http.service.ts
> git show :src/app/book-view/book-view.component.html
> git show :src/app/character-http.service.ts
> git show :src/app/book-view/book-view.component.html
> git show :src/app/character-view/character-view.component.html
> git show :src/app/book-view/book-view.component.html
> git show :src/app/character-view/character-view.component.html
> git show :src/app/book-view/book-view.component.html
> git show :src/app/character-view/character-view.component.html
> git show :src/app/book-view/book-view.component.html
> git show :src/app/character-http.service.ts
> git show :src/app/book-http.service.ts
> git show :src/app/character-view/character-view.component.html
> git show :src/app/book-view/book-view.component.html
> git show :src/app/character-view/character-view.component.html
> git show :src/app/book-view/book-view.component.html
> git show :src/app/character-view/character-view.component.html
> git show :src/app/book-view/book-view.component.html
> git show :src/app/character-view/character-view.component.html
> git show :src/app/book-view/book-view.component.html
> git show :src/app/app.component.html
> git show :src/app/home/home.component.html
> git check-ignore -z --stdin
> git check-ignore -z --stdin
> git check-ignore -z --stdin
> git show :src/app/home/home.component.ts
> git show :src/app/home/home.component.html
> git show :src/app/home/home.component.ts
> git show :src/app/app.module.ts
> git show :src/app/home/home.component.ts
> git show :src/app/home/home.component.html
> git show :src/app/home/home.component.ts
> git show :src/app/app.module.ts
> git show :src/app/home/home.component.ts
> git show :src/app/home/home.component.html
> git show :src/app/app.component.ts
> git show :src/app/app.component.html
> git show :src/app/app.module.ts
> git show :src/app/home/home.component.ts
> git show :src/app/character.service.ts
> git show :src/app/house.service.ts
> git show :src/app/character-http.service.ts
> git show :src/app/character.service.spec.ts
> git show :src/app/character.service.ts
> git show :src/app/house.service.ts
> git show :src/app/home/home.component.ts
> git show :src/app/app.module.ts
> git show :src/app/character-http.service.spec.ts
> git show :src/app/house-http.service.ts
> git show :src/app/character-http.service.spec.ts
> git show :src/app/character-http.service.ts
> git show :src/app/house-http.service.ts
> git show :src/app/character-http.service.ts
> git show :src/app/house-http.service.ts
> git show :src/app/house-view/house-view.component.ts
> git show :src/app/character-view/character-view.component.ts
> git show :src/app/house-view/house-view.component.ts
> git show :src/app/house-http.service.ts
> git show :src/app/house-view/house-view.component.ts
> git show :src/app/house-http.service.ts
> git show :src/app/house-view/house-view.component.ts
> git show :src/app/character-view/character-view.component.ts
> git show :src/app/house-view/house-view.component.ts
> git show :src/app/house-http.service.ts
> git show :src/app/house-view/house-view.component.ts
> git show :src/app/home/home.component.html
> git show :src/app/house-view/house-view.component.html
> git show :src/app/house-view/house-view.component.ts
> git show :src/app/house-view/house-view.component.html
> git show :src/app/character-view/character-view.component.html
> git show :src/app/home/home.component.html
> git show :src/app/character-view/character-view.component.html
> git show :src/app/home/home.component.html
> git show :src/app/house-view/house-view.component.ts
> git show :src/app/house-view/house-view.component.html
> git check-ignore -z --stdin
> git show :src/index.html
> git show :src/app/home/home.component.html
> git show :src/app/app.module.ts
> git show :src/app/house-http.service.ts
> git show :src/app/house-view/house-view.component.ts
> git show :src/app/house-view/house-view.component.html
